regress/test3.fir:20273:15: error: use of unknown declaration 'validif'
    tmp236 <= validif(head(inp_h.inp_i.inp_k.inp_p.inp_gb.inp_pb.inp_nd[0][3][3].inp_ng.inp_li, 1), UInt<6>(33))
              ^
regress/test3.fir:170544:16: error: use of unknown declaration 'validif'
    tmp2807 <= validif(tail(UInt<29>("b111111100001000110000101110"), 28), SInt<4>("o-1"))
               ^
===-------------------------------------------------------------------------===
                         ... Execution time report ...
===-------------------------------------------------------------------------===
  Total Execution Time: 1.2450 seconds

  ----Wall Time----  ----Name----
    1.2298 ( 98.8%)  FIR Parser
    0.0000 (  0.0%)    Parse annotations
    0.0000 (  0.0%)    Parse OMIR
    0.9571 ( 76.9%)    Parse modules
    0.0153 (  1.2%)  Rest
    1.2450 (100.0%)  Total

{
  totalTime: 1.277,
  maxMemory: 98082816
}
